<?xml version="1.0" encoding="UTF-8"?>
<!-- Generated by org.testng.reporters.JUnitXMLReporter -->
<testsuite ignored="0" hostname="DELL" failures="0" tests="3" name="Default test" time="83.9" errors="0" timestamp="2023-09-13T13:42:59 IST">
  <testcase classname="org.testngfacebook.TestngFacebook" name="userLogin" time="0.255"/>
  <testcase classname="org.testngfacebook.TestngFacebook" name="userLogin" time="4.711"/>
  <testcase classname="org.testngfacebook.TestngFacebook" name="userLogin" time="12.82"/>
</testsuite> <!-- Default test -->
