<?xml version="1.0" encoding="UTF-8"?>
<!-- Generated by org.testng.reporters.JUnitXMLReporter -->
<testsuite hostname="DELL" ignored="0" name="Test" tests="4" failures="0" timestamp="2023-08-06T16:18:17 IST" time="36.707" errors="0">
  <testcase name="loginFeilds1" time="4.058" classname="org.practice.DataProvider"/>
  <testcase name="loginFeilds1" time="7.294" classname="org.practice.DataProvider"/>
  <testcase name="loginFeilds1" time="8.378" classname="org.practice.DataProvider"/>
  <testcase name="loginFeilds1" time="6.257" classname="org.practice.DataProvider"/>
</testsuite> <!-- Test -->
