<?xml version="1.0" encoding="UTF-8"?>
<!-- Generated by org.testng.reporters.JUnitXMLReporter -->
<testsuite hostname="DELL" ignored="0" name="Test1" tests="4" failures="0" timestamp="2023-08-06T16:18:51 IST" time="34.906" errors="0">
  <testcase name="loginFeilds1" time="4.01" classname="org.practice.DataProvider"/>
  <testcase name="loginFeilds1" time="6.977" classname="org.practice.DataProvider"/>
  <testcase name="loginFeilds1" time="4.538" classname="org.practice.DataProvider"/>
  <testcase name="loginFeilds1" time="6.154" classname="org.practice.DataProvider"/>
</testsuite> <!-- Test1 -->
